<?xml version="1.0" encoding="UTF-8"?>
<testsuite name="com.krunal.controller.UserRegistrationTest" tests="6" skipped="0" failures="0" errors="0" timestamp="2021-06-30T02:47:10" hostname="DESKTOP-M2BVJTD" time="0.05">
  <properties/>
  <testcase name="givenMobileNumber_NotProper_ShouldReturnFalse()" classname="com.krunal.controller.UserRegistrationTest" time="0.036"/>
  <testcase name="givenFirstName_NotProper_ShouldReturnFalse()" classname="com.krunal.controller.UserRegistrationTest" time="0.001"/>
  <testcase name="givenMobileNumber_Proper_ShouldReturnTrue()" classname="com.krunal.controller.UserRegistrationTest" time="0.003"/>
  <testcase name="givenFirstName_Proper_ShouldReturnTrue()" classname="com.krunal.controller.UserRegistrationTest" time="0.001"/>
  <testcase name="givenLastName_Proper_ShouldReturnTrue()" classname="com.krunal.controller.UserRegistrationTest" time="0.001"/>
  <testcase name="givenLastName_NotProper_ShouldReturnFalse()" classname="com.krunal.controller.UserRegistrationTest" time="0.001"/>
  <system-out><![CDATA[]]></system-out>
  <system-err><![CDATA[]]></system-err>
</testsuite>
